<?xml version="1.0" encoding="UTF-8"?>
<testng-results ignored="0" total="10" passed="10" failed="0" skipped="0">
  <reporter-output>
  </reporter-output>
  <suite started-at="2026-01-16T00:25:01 IST" name="Default suite" finished-at="2026-01-16T00:29:59 IST" duration-ms="297915">
    <groups>
    </groups>
    <test started-at="2026-01-16T00:25:01 IST" name="Default test" finished-at="2026-01-16T00:29:59 IST" duration-ms="297915">
      <class name="com.orangehrm.tests.LoginTest">
        <test-method is-config="true" signature="setUp()[pri:0, instance:com.orangehrm.tests.LoginTest@33d512c1]" started-at="2026-01-16T00:25:01 IST" name="setUp" finished-at="2026-01-16T00:25:10 IST" duration-ms="8843" status="PASS">
          <reporter-output>
          </reporter-output>
        </test-method> <!-- setUp -->
        <test-method signature="TC01_validLogin()[pri:1, instance:com.orangehrm.tests.LoginTest@33d512c1]" started-at="2026-01-16T00:25:10 IST" name="TC01_validLogin" finished-at="2026-01-16T00:25:23 IST" duration-ms="13340" status="PASS">
          <reporter-output>
          </reporter-output>
        </test-method> <!-- TC01_validLogin -->
        <test-method is-config="true" signature="tearDown(org.testng.ITestResult)[pri:0, instance:com.orangehrm.tests.LoginTest@33d512c1]" started-at="2026-01-16T00:25:23 IST" name="tearDown" finished-at="2026-01-16T00:25:24 IST" duration-ms="872" status="PASS">
          <params>
            <param index="0">
              <value>
                <![CDATA[[TestResult name=TC01_validLogin status=SUCCESS method=LoginTest.TC01_validLogin()[pri:1, instance:com.orangehrm.tests.LoginTest@33d512c1] output={null}]]]>
              </value>
            </param>
          </params>
          <reporter-output>
          </reporter-output>
        </test-method> <!-- tearDown -->
        <test-method is-config="true" signature="setUp()[pri:0, instance:com.orangehrm.tests.LoginTest@33d512c1]" started-at="2026-01-16T00:25:24 IST" name="setUp" finished-at="2026-01-16T00:25:33 IST" duration-ms="8656" status="PASS">
          <reporter-output>
          </reporter-output>
        </test-method> <!-- setUp -->
        <test-method signature="TC02_validUser_invalidPass()[pri:2, instance:com.orangehrm.tests.LoginTest@33d512c1]" started-at="2026-01-16T00:25:33 IST" name="TC02_validUser_invalidPass" finished-at="2026-01-16T00:25:37 IST" duration-ms="3842" status="PASS">
          <reporter-output>
          </reporter-output>
        </test-method> <!-- TC02_validUser_invalidPass -->
        <test-method is-config="true" signature="tearDown(org.testng.ITestResult)[pri:0, instance:com.orangehrm.tests.LoginTest@33d512c1]" started-at="2026-01-16T00:25:37 IST" name="tearDown" finished-at="2026-01-16T00:25:37 IST" duration-ms="464" status="PASS">
          <params>
            <param index="0">
              <value>
                <![CDATA[[TestResult name=TC02_validUser_invalidPass status=SUCCESS method=LoginTest.TC02_validUser_invalidPass()[pri:2, instance:com.orangehrm.tests.LoginTest@33d512c1] output={null}]]]>
              </value>
            </param>
          </params>
          <reporter-output>
          </reporter-output>
        </test-method> <!-- tearDown -->
        <test-method is-config="true" signature="setUp()[pri:0, instance:com.orangehrm.tests.LoginTest@33d512c1]" started-at="2026-01-16T00:25:37 IST" name="setUp" finished-at="2026-01-16T00:25:42 IST" duration-ms="5287" status="PASS">
          <reporter-output>
          </reporter-output>
        </test-method> <!-- setUp -->
        <test-method signature="TC03_invalidUser_validPass()[pri:3, instance:com.orangehrm.tests.LoginTest@33d512c1]" started-at="2026-01-16T00:25:42 IST" name="TC03_invalidUser_validPass" finished-at="2026-01-16T00:25:52 IST" duration-ms="9536" status="PASS">
          <reporter-output>
          </reporter-output>
        </test-method> <!-- TC03_invalidUser_validPass -->
        <test-method is-config="true" signature="tearDown(org.testng.ITestResult)[pri:0, instance:com.orangehrm.tests.LoginTest@33d512c1]" started-at="2026-01-16T00:25:52 IST" name="tearDown" finished-at="2026-01-16T00:25:52 IST" duration-ms="604" status="PASS">
          <params>
            <param index="0">
              <value>
                <![CDATA[[TestResult name=TC03_invalidUser_validPass status=SUCCESS method=LoginTest.TC03_invalidUser_validPass()[pri:3, instance:com.orangehrm.tests.LoginTest@33d512c1] output={null}]]]>
              </value>
            </param>
          </params>
          <reporter-output>
          </reporter-output>
        </test-method> <!-- tearDown -->
        <test-method is-config="true" signature="setUp()[pri:0, instance:com.orangehrm.tests.LoginTest@33d512c1]" started-at="2026-01-16T00:25:52 IST" name="setUp" finished-at="2026-01-16T00:26:01 IST" duration-ms="8318" status="PASS">
          <reporter-output>
          </reporter-output>
        </test-method> <!-- setUp -->
        <test-method signature="TC04_invalidUser_invalidPass()[pri:4, instance:com.orangehrm.tests.LoginTest@33d512c1]" started-at="2026-01-16T00:26:01 IST" name="TC04_invalidUser_invalidPass" finished-at="2026-01-16T00:26:18 IST" duration-ms="17196" status="PASS">
          <reporter-output>
          </reporter-output>
        </test-method> <!-- TC04_invalidUser_invalidPass -->
        <test-method is-config="true" signature="tearDown(org.testng.ITestResult)[pri:0, instance:com.orangehrm.tests.LoginTest@33d512c1]" started-at="2026-01-16T00:26:18 IST" name="tearDown" finished-at="2026-01-16T00:26:19 IST" duration-ms="1470" status="PASS">
          <params>
            <param index="0">
              <value>
                <![CDATA[[TestResult name=TC04_invalidUser_invalidPass status=SUCCESS method=LoginTest.TC04_invalidUser_invalidPass()[pri:4, instance:com.orangehrm.tests.LoginTest@33d512c1] output={null}]]]>
              </value>
            </param>
          </params>
          <reporter-output>
          </reporter-output>
        </test-method> <!-- tearDown -->
        <test-method is-config="true" signature="setUp()[pri:0, instance:com.orangehrm.tests.LoginTest@33d512c1]" started-at="2026-01-16T00:26:19 IST" name="setUp" finished-at="2026-01-16T00:26:37 IST" duration-ms="17347" status="PASS">
          <reporter-output>
          </reporter-output>
        </test-method> <!-- setUp -->
        <test-method signature="TC05_emptyUsername()[pri:5, instance:com.orangehrm.tests.LoginTest@33d512c1]" started-at="2026-01-16T00:26:37 IST" name="TC05_emptyUsername" finished-at="2026-01-16T00:26:50 IST" duration-ms="13243" status="PASS">
          <reporter-output>
          </reporter-output>
        </test-method> <!-- TC05_emptyUsername -->
        <test-method is-config="true" signature="tearDown(org.testng.ITestResult)[pri:0, instance:com.orangehrm.tests.LoginTest@33d512c1]" started-at="2026-01-16T00:26:50 IST" name="tearDown" finished-at="2026-01-16T00:26:51 IST" duration-ms="1183" status="PASS">
          <params>
            <param index="0">
              <value>
                <![CDATA[[TestResult name=TC05_emptyUsername status=SUCCESS method=LoginTest.TC05_emptyUsername()[pri:5, instance:com.orangehrm.tests.LoginTest@33d512c1] output={null}]]]>
              </value>
            </param>
          </params>
          <reporter-output>
          </reporter-output>
        </test-method> <!-- tearDown -->
        <test-method is-config="true" signature="setUp()[pri:0, instance:com.orangehrm.tests.LoginTest@33d512c1]" started-at="2026-01-16T00:26:51 IST" name="setUp" finished-at="2026-01-16T00:27:32 IST" duration-ms="41190" status="PASS">
          <reporter-output>
          </reporter-output>
        </test-method> <!-- setUp -->
        <test-method signature="TC06_emptyPassword()[pri:6, instance:com.orangehrm.tests.LoginTest@33d512c1]" started-at="2026-01-16T00:27:32 IST" name="TC06_emptyPassword" finished-at="2026-01-16T00:27:48 IST" duration-ms="15634" status="PASS">
          <reporter-output>
          </reporter-output>
        </test-method> <!-- TC06_emptyPassword -->
        <test-method is-config="true" signature="tearDown(org.testng.ITestResult)[pri:0, instance:com.orangehrm.tests.LoginTest@33d512c1]" started-at="2026-01-16T00:27:48 IST" name="tearDown" finished-at="2026-01-16T00:27:49 IST" duration-ms="1327" status="PASS">
          <params>
            <param index="0">
              <value>
                <![CDATA[[TestResult name=TC06_emptyPassword status=SUCCESS method=LoginTest.TC06_emptyPassword()[pri:6, instance:com.orangehrm.tests.LoginTest@33d512c1] output={null}]]]>
              </value>
            </param>
          </params>
          <reporter-output>
          </reporter-output>
        </test-method> <!-- tearDown -->
        <test-method is-config="true" signature="setUp()[pri:0, instance:com.orangehrm.tests.LoginTest@33d512c1]" started-at="2026-01-16T00:27:49 IST" name="setUp" finished-at="2026-01-16T00:28:31 IST" duration-ms="41319" status="PASS">
          <reporter-output>
          </reporter-output>
        </test-method> <!-- setUp -->
        <test-method signature="TC07_emptyUser_emptyPass()[pri:7, instance:com.orangehrm.tests.LoginTest@33d512c1]" started-at="2026-01-16T00:28:31 IST" name="TC07_emptyUser_emptyPass" finished-at="2026-01-16T00:28:46 IST" duration-ms="14838" status="PASS">
          <reporter-output>
          </reporter-output>
        </test-method> <!-- TC07_emptyUser_emptyPass -->
        <test-method is-config="true" signature="tearDown(org.testng.ITestResult)[pri:0, instance:com.orangehrm.tests.LoginTest@33d512c1]" started-at="2026-01-16T00:28:46 IST" name="tearDown" finished-at="2026-01-16T00:28:47 IST" duration-ms="970" status="PASS">
          <params>
            <param index="0">
              <value>
                <![CDATA[[TestResult name=TC07_emptyUser_emptyPass status=SUCCESS method=LoginTest.TC07_emptyUser_emptyPass()[pri:7, instance:com.orangehrm.tests.LoginTest@33d512c1] output={null}]]]>
              </value>
            </param>
          </params>
          <reporter-output>
          </reporter-output>
        </test-method> <!-- tearDown -->
        <test-method is-config="true" signature="setUp()[pri:0, instance:com.orangehrm.tests.LoginTest@33d512c1]" started-at="2026-01-16T00:28:47 IST" name="setUp" finished-at="2026-01-16T00:29:18 IST" duration-ms="31593" status="PASS">
          <reporter-output>
          </reporter-output>
        </test-method> <!-- setUp -->
        <test-method signature="TC08_usernameWithSpaces()[pri:8, instance:com.orangehrm.tests.LoginTest@33d512c1]" started-at="2026-01-16T00:29:18 IST" name="TC08_usernameWithSpaces" finished-at="2026-01-16T00:29:23 IST" duration-ms="5272" status="PASS">
          <reporter-output>
          </reporter-output>
        </test-method> <!-- TC08_usernameWithSpaces -->
        <test-method is-config="true" signature="tearDown(org.testng.ITestResult)[pri:0, instance:com.orangehrm.tests.LoginTest@33d512c1]" started-at="2026-01-16T00:29:23 IST" name="tearDown" finished-at="2026-01-16T00:29:24 IST" duration-ms="489" status="PASS">
          <params>
            <param index="0">
              <value>
                <![CDATA[[TestResult name=TC08_usernameWithSpaces status=SUCCESS method=LoginTest.TC08_usernameWithSpaces()[pri:8, instance:com.orangehrm.tests.LoginTest@33d512c1] output={null}]]]>
              </value>
            </param>
          </params>
          <reporter-output>
          </reporter-output>
        </test-method> <!-- tearDown -->
        <test-method is-config="true" signature="setUp()[pri:0, instance:com.orangehrm.tests.LoginTest@33d512c1]" started-at="2026-01-16T00:29:24 IST" name="setUp" finished-at="2026-01-16T00:29:46 IST" duration-ms="21737" status="PASS">
          <reporter-output>
          </reporter-output>
        </test-method> <!-- setUp -->
        <test-method signature="TC09_passwordMasked()[pri:9, instance:com.orangehrm.tests.LoginTest@33d512c1]" started-at="2026-01-16T00:29:46 IST" name="TC09_passwordMasked" finished-at="2026-01-16T00:29:47 IST" duration-ms="1422" status="PASS">
          <reporter-output>
          </reporter-output>
        </test-method> <!-- TC09_passwordMasked -->
        <test-method is-config="true" signature="tearDown(org.testng.ITestResult)[pri:0, instance:com.orangehrm.tests.LoginTest@33d512c1]" started-at="2026-01-16T00:29:47 IST" name="tearDown" finished-at="2026-01-16T00:29:48 IST" duration-ms="584" status="PASS">
          <params>
            <param index="0">
              <value>
                <![CDATA[[TestResult name=TC09_passwordMasked status=SUCCESS method=LoginTest.TC09_passwordMasked()[pri:9, instance:com.orangehrm.tests.LoginTest@33d512c1] output={null}]]]>
              </value>
            </param>
          </params>
          <reporter-output>
          </reporter-output>
        </test-method> <!-- tearDown -->
        <test-method is-config="true" signature="setUp()[pri:0, instance:com.orangehrm.tests.LoginTest@33d512c1]" started-at="2026-01-16T00:29:48 IST" name="setUp" finished-at="2026-01-16T00:29:55 IST" duration-ms="7320" status="PASS">
          <reporter-output>
          </reporter-output>
        </test-method> <!-- setUp -->
        <test-method signature="TC10_loginButtonEnabled()[pri:10, instance:com.orangehrm.tests.LoginTest@33d512c1]" started-at="2026-01-16T00:29:55 IST" name="TC10_loginButtonEnabled" finished-at="2026-01-16T00:29:58 IST" duration-ms="3117" status="PASS">
          <reporter-output>
          </reporter-output>
        </test-method> <!-- TC10_loginButtonEnabled -->
        <test-method is-config="true" signature="tearDown(org.testng.ITestResult)[pri:0, instance:com.orangehrm.tests.LoginTest@33d512c1]" started-at="2026-01-16T00:29:58 IST" name="tearDown" finished-at="2026-01-16T00:29:59 IST" duration-ms="564" status="PASS">
          <params>
            <param index="0">
              <value>
                <![CDATA[[TestResult name=TC10_loginButtonEnabled status=SUCCESS method=LoginTest.TC10_loginButtonEnabled()[pri:10, instance:com.orangehrm.tests.LoginTest@33d512c1] output={null}]]]>
              </value>
            </param>
          </params>
          <reporter-output>
          </reporter-output>
        </test-method> <!-- tearDown -->
      </class> <!-- com.orangehrm.tests.LoginTest -->
    </test> <!-- Default test -->
  </suite> <!-- Default suite -->
</testng-results>
