<?xml version="1.0" encoding="UTF-8"?>
<testng-results ignored="0" total="3" passed="3" failed="0" skipped="0">
  <reporter-output>
  </reporter-output>
  <suite started-at="2025-12-29T11:15:55 IST" name="Surefire suite" finished-at="2025-12-29T11:15:55 IST" duration-ms="44">
    <groups>
    </groups>
    <test started-at="2025-12-29T11:15:55 IST" name="Surefire test" finished-at="2025-12-29T11:15:55 IST" duration-ms="44">
      <class name="com.shivam.ui.VerifyTitleTest">
        <test-method signature="titleTest()[pri:0, instance:com.shivam.ui.VerifyTitleTest@1b1473ab]" started-at="2025-12-29T11:15:55 IST" name="titleTest" finished-at="2025-12-29T11:15:55 IST" duration-ms="1" status="PASS">
          <reporter-output>
          </reporter-output>
        </test-method> <!-- titleTest -->
      </class> <!-- com.shivam.ui.VerifyTitleTest -->
      <class name="com.shivam.ui.LoginTest">
        <test-method is-config="true" signature="loginToApplication()[pri:0, instance:com.shivam.ui.LoginTest@78e117e3]" started-at="2025-12-29T11:15:55 IST" name="loginToApplication" finished-at="2025-12-29T11:15:55 IST" duration-ms="8" status="PASS">
          <reporter-output>
          </reporter-output>
        </test-method> <!-- loginToApplication -->
        <test-method is-config="true" signature="connectToDb()[pri:0, instance:com.shivam.ui.LoginTest@78e117e3]" started-at="2025-12-29T11:15:55 IST" name="connectToDb" finished-at="2025-12-29T11:15:55 IST" duration-ms="0" status="PASS">
          <reporter-output>
          </reporter-output>
        </test-method> <!-- connectToDb -->
        <test-method signature="loginTest()[pri:1, instance:com.shivam.ui.LoginTest@78e117e3]" started-at="2025-12-29T11:15:55 IST" name="loginTest" description="This is the login test" finished-at="2025-12-29T11:15:55 IST" duration-ms="1" status="PASS">
          <reporter-output>
          </reporter-output>
        </test-method> <!-- loginTest -->
        <test-method is-config="true" signature="disconnectfromDB()[pri:0, instance:com.shivam.ui.LoginTest@78e117e3]" started-at="2025-12-29T11:15:55 IST" name="disconnectfromDB" finished-at="2025-12-29T11:15:55 IST" duration-ms="0" status="PASS">
          <reporter-output>
          </reporter-output>
        </test-method> <!-- disconnectfromDB -->
        <test-method signature="verifyTest()[pri:2, instance:com.shivam.ui.LoginTest@78e117e3]" started-at="2025-12-29T11:15:55 IST" name="verifyTest" description="This is the login test" finished-at="2025-12-29T11:15:55 IST" duration-ms="0" status="PASS">
          <reporter-output>
          </reporter-output>
        </test-method> <!-- verifyTest -->
        <test-method is-config="true" signature="connectToDb()[pri:0, instance:com.shivam.ui.LoginTest@78e117e3]" started-at="2025-12-29T11:15:55 IST" name="connectToDb" finished-at="2025-12-29T11:15:55 IST" duration-ms="0" status="PASS">
          <reporter-output>
          </reporter-output>
        </test-method> <!-- connectToDb -->
        <test-method is-config="true" signature="disconnectfromDB()[pri:0, instance:com.shivam.ui.LoginTest@78e117e3]" started-at="2025-12-29T11:15:55 IST" name="disconnectfromDB" finished-at="2025-12-29T11:15:55 IST" duration-ms="0" status="PASS">
          <reporter-output>
          </reporter-output>
        </test-method> <!-- disconnectfromDB -->
        <test-method is-config="true" signature="logOutApplication()[pri:0, instance:com.shivam.ui.LoginTest@78e117e3]" started-at="2025-12-29T11:15:55 IST" name="logOutApplication" finished-at="2025-12-29T11:15:55 IST" duration-ms="0" status="PASS">
          <reporter-output>
          </reporter-output>
        </test-method> <!-- logOutApplication -->
      </class> <!-- com.shivam.ui.LoginTest -->
    </test> <!-- Surefire test -->
  </suite> <!-- Surefire suite -->
</testng-results>
