<?xml version="1.0" encoding="UTF-8"?>
<testsuite xmlns:xsi="http://www.w3.org/2001/XMLSchema-instance" xsi:noNamespaceSchemaLocation="https://maven.apache.org/surefire/maven-surefire-plugin/xsd/surefire-test-report.xsd" version="3.0.1" name="TestSuite" time="0.478" tests="3" errors="0" skipped="0" failures="0">
  <properties>
[...]
</properties>
  <testcase name="loginTest" classname="com.shivam.ui.LoginTest" time="0.002">
    <system-out><![CDATA[Login to application
Connected to db successfully
Login is succesfull
]]></system-out>
    <system-err><![CDATA[SLF4J(W): No SLF4J providers were found.
SLF4J(W): Defaulting to no-operation (NOP) logger implementation
SLF4J(W): See https://www.slf4j.org/codes.html#noProviders for further details.
]]></system-err>
  </testcase>
  <testcase name="verifyTest" classname="com.shivam.ui.LoginTest" time="0.0">
    <system-out><![CDATA[Disconnected successfully from db
Connected to db successfully
Verify test successfully
]]></system-out>
  </testcase>
  <testcase name="titleTest" classname="com.shivam.ui.VerifyTitleTest" time="0.0">
    <system-out><![CDATA[Disconnected successfully from db
]]></system-out>
  </testcase>
</testsuite>