<?xml version="1.0" encoding="UTF-8"?>
<!-- Generated by org.testng.reporters.JUnitReportReporter -->
<testsuite hostname="Sonu_Kumar" failures="0" tests="10" name="com.orangehrm.tests.LoginTest" time="297.577" errors="0" timestamp="2026-01-16T00:29:59 IST" skipped="0">
  <testcase classname="com.orangehrm.tests.LoginTest" name="TC01_validLogin" time="23.128"/>
  <testcase classname="com.orangehrm.tests.LoginTest" name="TC02_validUser_invalidPass" time="11.626"/>
  <testcase classname="com.orangehrm.tests.LoginTest" name="TC03_invalidUser_validPass" time="28.066"/>
  <testcase classname="com.orangehrm.tests.LoginTest" name="TC04_invalidUser_invalidPass" time="58.990"/>
  <testcase classname="com.orangehrm.tests.LoginTest" name="TC05_emptyUsername" time="55.889"/>
  <testcase classname="com.orangehrm.tests.LoginTest" name="TC06_emptyPassword" time="25.349"/>
  <testcase classname="com.orangehrm.tests.LoginTest" name="TC07_emptyUser_emptyPass" time="21.095"/>
  <testcase classname="com.orangehrm.tests.LoginTest" name="TC08_usernameWithSpaces" time="14.492"/>
  <testcase classname="com.orangehrm.tests.LoginTest" name="TC09_passwordMasked" time="33.504"/>
  <testcase classname="com.orangehrm.tests.LoginTest" name="TC10_loginButtonEnabled" time="25.438"/>
</testsuite> <!-- com.orangehrm.tests.LoginTest -->
