<?xml version="1.0" encoding="UTF-8"?>
<!-- Generated by org.testng.reporters.JUnitXMLReporter -->
<testsuite ignored="0" hostname="Sonu_Kumar" failures="0" tests="10" name="Default test" time="297.915" errors="0" timestamp="2026-01-16T00:29:59 IST">
  <testcase classname="com.orangehrm.tests.LoginTest" name="TC01_validLogin" time="13.34"/>
  <testcase classname="com.orangehrm.tests.LoginTest" name="TC02_validUser_invalidPass" time="3.842"/>
  <testcase classname="com.orangehrm.tests.LoginTest" name="TC03_invalidUser_validPass" time="9.536"/>
  <testcase classname="com.orangehrm.tests.LoginTest" name="TC04_invalidUser_invalidPass" time="17.196"/>
  <testcase classname="com.orangehrm.tests.LoginTest" name="TC05_emptyUsername" time="13.243"/>
  <testcase classname="com.orangehrm.tests.LoginTest" name="TC06_emptyPassword" time="15.634"/>
  <testcase classname="com.orangehrm.tests.LoginTest" name="TC07_emptyUser_emptyPass" time="14.838"/>
  <testcase classname="com.orangehrm.tests.LoginTest" name="TC08_usernameWithSpaces" time="5.272"/>
  <testcase classname="com.orangehrm.tests.LoginTest" name="TC09_passwordMasked" time="1.422"/>
  <testcase classname="com.orangehrm.tests.LoginTest" name="TC10_loginButtonEnabled" time="3.117"/>
</testsuite> <!-- Default test -->
