<?xml version="1.0" encoding="UTF-8"?>
<!-- Generated by org.testng.reporters.JUnitXMLReporter -->
<testsuite ignored="0" hostname="DESKTOP-NACMCLL" failures="0" tests="3" name="Surefire test" time="0.044" errors="0" timestamp="2025-12-29T11:15:55 IST">
  <testcase classname="com.shivam.ui.LoginTest" name="loginTest" time="0.001"/>
  <testcase classname="com.shivam.ui.LoginTest" name="verifyTest" time="0.0"/>
  <testcase classname="com.shivam.ui.VerifyTitleTest" name="titleTest" time="0.001"/>
</testsuite> <!-- Surefire test -->
